d:\github\lua\src\vs17\luac\x64\debug\vc141.pdb
d:\github\lua\src\vs17\luac\x64\debug\vc141.idb
d:\github\lua\src\vs17\luac\x64\debug\liolib.obj
d:\github\lua\src\vs17\luac\x64\debug\llex.obj
d:\github\lua\src\vs17\luac\x64\debug\lmathlib.obj
d:\github\lua\src\vs17\luac\x64\debug\lmem.obj
d:\github\lua\src\vs17\luac\x64\debug\loadlib.obj
d:\github\lua\src\vs17\luac\x64\debug\lobject.obj
d:\github\lua\src\vs17\luac\x64\debug\lopcodes.obj
d:\github\lua\src\vs17\luac\x64\debug\loslib.obj
d:\github\lua\src\vs17\luac\x64\debug\lparser.obj
d:\github\lua\src\vs17\luac\x64\debug\lstate.obj
d:\github\lua\src\vs17\luac\x64\debug\lstring.obj
d:\github\lua\src\vs17\luac\x64\debug\lstrlib.obj
d:\github\lua\src\vs17\luac\x64\debug\ltable.obj
d:\github\lua\src\vs17\luac\x64\debug\ltablib.obj
d:\github\lua\src\vs17\luac\x64\debug\ltm.obj
d:\github\lua\src\vs17\luac\x64\debug\luac.obj
d:\github\lua\src\vs17\luac\x64\debug\lundump.obj
d:\github\lua\src\vs17\luac\x64\debug\lutf8lib.obj
d:\github\lua\src\vs17\luac\x64\debug\lvm.obj
d:\github\lua\src\vs17\luac\x64\debug\lzio.obj
d:\github\lua\src\vs17\luac\x64\debug\lapi.obj
d:\github\lua\src\vs17\luac\x64\debug\lauxlib.obj
d:\github\lua\src\vs17\luac\x64\debug\lbaselib.obj
d:\github\lua\src\vs17\luac\x64\debug\lbitlib.obj
d:\github\lua\src\vs17\luac\x64\debug\lcode.obj
d:\github\lua\src\vs17\luac\x64\debug\lcorolib.obj
d:\github\lua\src\vs17\luac\x64\debug\lctype.obj
d:\github\lua\src\vs17\luac\x64\debug\ldblib.obj
d:\github\lua\src\vs17\luac\x64\debug\ldebug.obj
d:\github\lua\src\vs17\luac\x64\debug\ldo.obj
d:\github\lua\src\vs17\luac\x64\debug\ldump.obj
d:\github\lua\src\vs17\luac\x64\debug\lfunc.obj
d:\github\lua\src\vs17\luac\x64\debug\lgc.obj
d:\github\lua\src\vs17\luac\x64\debug\linit.obj
d:\github\lua\src\vs17\x64\debug\luac.ilk
d:\github\lua\src\vs17\x64\debug\luac.exe
d:\github\lua\src\vs17\x64\debug\luac.pdb
d:\github\lua\src\vs17\luac\x64\debug\luac.tlog\cl.command.1.tlog
d:\github\lua\src\vs17\luac\x64\debug\luac.tlog\cl.read.1.tlog
d:\github\lua\src\vs17\luac\x64\debug\luac.tlog\cl.write.1.tlog
d:\github\lua\src\vs17\luac\x64\debug\luac.tlog\link.command.1.tlog
d:\github\lua\src\vs17\luac\x64\debug\luac.tlog\link.read.1.tlog
d:\github\lua\src\vs17\luac\x64\debug\luac.tlog\link.write.1.tlog
