  lzio.c
  lvm.c
  lutf8lib.c
  lundump.c
  ltm.c
  ltablib.c
  ltable.c
  lstrlib.c
  lstring.c
  lstate.c
  lparser.c
  loslib.c
  lopcodes.c
  lobject.c
  loadlib.c
  lmem.c
  lmathlib.c
  llex.c
  liolib.c
  linit.c
  Generating Code...
  Compiling...
  lgc.c
  lfunc.c
  ldump.c
  ldo.c
  ldebug.c
  ldblib.c
  lctype.c
  lcorolib.c
  lcode.c
  lbitlib.c
  lbaselib.c
  lauxlib.c
  lapi.c
  Generating Code...
     Creating library E:\lua\src\vs17\x64\Debug\liblua.lib and object E:\lua\src\vs17\x64\Debug\liblua.exp
  liblua.vcxproj -> E:\lua\src\vs17\x64\Debug\liblua.dll
  liblua.vcxproj -> E:\lua\src\vs17\x64\Debug\liblua.pdb (Partial PDB)
